=== Update 2026-06-11 ===
  group games played: 0/72; knockout results: 0
  applied bookmaker deltas at weight 0.5

Team                      R32    R16     QF     SF  Final  Champ
Spain                   99.3%  77.8%  57.8%  46.3%  32.3%  21.4%
Argentina               97.6%  67.1%  51.7%  35.9%  22.6%  13.1%
France                  95.7%  73.6%  50.8%  34.3%  20.5%  12.2%
England                 96.6%  68.9%  44.3%  27.4%  16.2%   8.6%
Brazil                  94.6%  62.1%  39.4%  22.9%  12.4%   6.5%
Portugal                93.4%  63.7%  38.6%  22.3%  12.2%   6.2%
Germany                 93.0%  58.2%  30.1%  16.4%   7.7%   3.6%
Mexico                  93.6%  60.9%  32.3%  15.9%   7.6%   3.3%
Colombia                88.9%  54.6%  28.5%  14.9%   7.3%   3.1%
Netherlands             89.3%  49.3%  29.6%  14.9%   6.8%   3.0%
Norway                  78.9%  45.1%  23.2%  10.9%   4.6%   1.9%
Ecuador                 88.4%  49.1%  23.2%  11.2%   4.7%   1.8%
=== Update 2026-06-12 ===
Traceback (most recent call last):
  File "/Users/williamcawley/Desktop/WorldCupModel/update_predictions.py", line 156, in <module>
    main()
    ~~~~^^
  File "/Users/williamcawley/Desktop/WorldCupModel/update_predictions.py", line 93, in main
    refresh_data()
    ~~~~~~~~~~~~^^
  File "/Users/williamcawley/Desktop/WorldCupModel/update_predictions.py", line 39, in refresh_data
    subprocess.run(["curl", "-sL", "--fail", "-o", os.path.join(BASE, "data", name), url],
    ~~~~~~~~~~~~~~^^^^^^^^^^^^^^^^^^^^^^^^^^^^^^^^^^^^^^^^^^^^^^^^^^^^^^^^^^^^^^^^^^^^^^^^
                   check=True, timeout=120)
                   ^^^^^^^^^^^^^^^^^^^^^^^^
  File "/Users/williamcawley/.local/share/uv/python/cpython-3.13.13-macos-aarch64-none/lib/python3.13/subprocess.py", line 577, in run
    raise CalledProcessError(retcode, process.args,
                             output=stdout, stderr=stderr)
subprocess.CalledProcessError: Command '['curl', '-sL', '--fail', '-o', '/Users/williamcawley/Desktop/WorldCupModel/data/results.csv', 'https://raw.githubusercontent.com/martj42/international_results/master/results.csv']' returned non-zero exit status 6.
=== Update 2026-06-12 ===
  polymarket: logged 144 prices {'advance': 48, 'outright': 48, 'group_winner': 48}
  group games played: 2/72; knockout results: 0
  applied bookmaker deltas at weight 0.5

Team                      R32    R16     QF     SF  Final  Champ
Spain                   99.3%  77.1%  57.2%  45.8%  31.8%  20.8%
Argentina               97.6%  67.8%  52.4%  36.5%  23.0%  13.5%
France                  95.6%  73.6%  50.7%  34.4%  20.5%  12.4%
England                 96.4%  69.2%  43.4%  26.9%  15.5%   8.2%
Brazil                  94.6%  61.8%  39.2%  22.8%  12.3%   6.4%
Portugal                93.5%  63.4%  38.8%  22.4%  12.1%   6.2%
Mexico                  99.2%  65.9%  35.1%  17.7%   8.4%   3.8%
Germany                 93.0%  57.9%  30.1%  16.6%   7.8%   3.6%
Colombia                88.9%  54.2%  28.2%  15.0%   7.1%   3.2%
Netherlands             89.4%  49.5%  29.1%  14.5%   6.7%   3.1%
Ecuador                 88.4%  48.9%  23.0%  11.0%   4.5%   1.8%
Norway                  79.1%  45.3%  23.0%  10.7%   4.6%   1.7%
